[2026-01-26 10:17:29.536] [drdaemon] [info] ===============================================================
[2026-01-26 10:17:30.034] [drdaemon] [info] Log manager initialized - DR Daemon session started
[2026-01-26 10:17:30.034] [drdaemon] [info] ===============================================================
[2026-01-26 10:17:30.034] [drdaemon] [info] DR Daemon starting...
[2026-01-26 10:17:30.034] [drdaemon] [info] Starting DR Daemon - target: drengsrv.exe, interval: 0.5s
[2026-01-26 10:17:30.034] [drdaemon] [info] Target process set to: drengsrv.exe
[2026-01-26 10:17:30.034] [drdaemon] [info] Log directory name set to: log
[2026-01-26 10:17:30.035] [drdaemon] [info] Dump directory name set to: log
[2026-01-26 10:17:30.035] [drdaemon] [warning] Cannot set monitor interval: ProcessMonitor not initialized
[2026-01-26 10:17:30.035] [drdaemon] [info] Configuring follow process: recoverit.exe
[2026-01-26 10:17:30.035] [drdaemon] [info] Process follow exit enabled - will exit when 'recoverit.exe' exits
[2026-01-26 10:17:30.037] [drdaemon] [info] Configuring report policy: 2
[2026-01-26 10:17:30.037] [drdaemon] [info] Report policy set to: 2 - Only when valid dumps generated
[2026-01-26 10:17:30.037] [drdaemon] [info] Initializing service components...
[2026-01-26 10:17:30.038] [drdaemon] [info] Initializing daemon service components...
[2026-01-26 10:17:30.038] [drdaemon] [info] ProcessMonitor initialized
[2026-01-26 10:17:30.040] [drdaemon] [info] Log directory name set to: log
[2026-01-26 10:17:30.040] [drdaemon] [info] Dump directory name set to: log
[2026-01-26 10:17:30.040] [drdaemon] [info] CrashReportPackager initialized
[2026-01-26 10:17:30.040] [drdaemon] [info] DaemonCrashReporter: Attempting to locate drreporter at: 
[2026-01-26 10:17:30.040] [drdaemon] [error] DaemonCrashReporter: drreporter.exe not found at: 
[2026-01-26 10:17:30.040] [drdaemon] [info] DaemonCrashReporter: Searching alternative locations...
[2026-01-26 10:17:30.041] [drdaemon] [error] DaemonCrashReporter: drreporter.exe not found in any location
[2026-01-26 10:17:30.041] [drdaemon] [warning] Error: Failed to initialize DR Reporter, will use fallback upload method
[2026-01-26 10:17:30.041] [drdaemon] [info] Using default upload (DR Reporter not available)
[2026-01-26 10:17:30.041] [drdaemon] [info] Setting default upload callback...
[2026-01-26 10:17:30.041] [drdaemon] [info] Default upload configured (local storage only)
[2026-01-26 10:17:30.041] [drdaemon] [info] Initializing follow process monitor for: recoverit.exe
[2026-01-26 10:17:30.042] [drdaemon] [info] Follow process monitor initialized - will exit when 'recoverit.exe' exits
[2026-01-26 10:17:30.042] [drdaemon] [info] IPC trigger event created (session-local): Local\\DRDaemon.TriggerCollect
[2026-01-26 10:17:30.042] [drdaemon] [info] Daemon service initialized successfully - monitoring: drengsrv.exe
[2026-01-26 10:17:30.042] [drdaemon] [info] Daemon service started successfully
[2026-01-26 10:17:30.043] [drdaemon] [info] Service configured - upload method: Default
[2026-01-26 10:17:30.044] [drdaemon] [warning] Using local storage only - crash reports will not be uploaded
[2026-01-26 10:17:30.044] [drdaemon] [info] Starting main service loop...
[2026-01-26 10:17:30.044] [drdaemon] [info] Starting daemon service main loop - target: drengsrv.exe, follow: recoverit.exe, upload: Default, policy: Only when valid dumps generated
[2026-01-26 10:17:30.044] [drdaemon] [info] Starting process monitor for: drengsrv.exe
[2026-01-26 10:17:30.044] [drdaemon] [info] Process monitor started successfully
[2026-01-26 10:17:30.044] [drdaemon] [info] Starting process monitor for: recoverit.exe
[2026-01-26 10:17:30.044] [drdaemon] [info] Follow process monitor started - tracking 'recoverit.exe'
[2026-01-26 10:17:30.045] [drdaemon] [info] Process monitor loop started for: drengsrv.exe
[2026-01-26 10:17:30.045] [drdaemon] [info] Process monitor loop started for: recoverit.exe
[2026-01-26 10:17:30.066] [drdaemon] [info] Process recoverit.exe started (PID: 21412)
[2026-01-26 10:17:30.067] [drdaemon] [info] Process drengsrv.exe started (PID: 17900)
[2026-01-26 10:59:28.485] [drdaemon] [warning] Process drengsrv.exe has exited (PID: 17900)
[2026-01-26 10:59:28.494] [drdaemon] [info] Process exit type: NORMAL
[2026-01-26 10:59:28.496] [drdaemon] [warning] Process drengsrv.exe (PID: 17900) exited, abnormal: false
[2026-01-26 10:59:28.498] [drdaemon] [info] Current report policy: Only when valid dumps generated
[2026-01-26 10:59:28.505] [drdaemon] [info] Process exit handling: WILL PROCESS - will check for valid dumps
[2026-01-26 10:59:28.506] [drdaemon] [info] Starting crash report collection for: drengsrv.exe
[2026-01-26 10:59:28.507] [drdaemon] [info] Creating crash report for process: drengsrv.exe (PID: 17900) using ProcessInfo
[2026-01-26 10:59:28.554] [drdaemon] [info] Found 22 log files in process directory (using ProcessInfo): C:\Program Files\Wondershare\Recoverit - Data Recovery (Russian)(CPC)\log
[2026-01-26 10:59:28.562] [drdaemon] [info] Collected 22 log files from process directory using ProcessInfo
[2026-01-26 10:59:28.564] [drdaemon] [info] Collected 0 dump files from process dump directory
[2026-01-26 10:59:28.564] [drdaemon] [info] Extracting events for process: drengsrv.exe from log: Application
[2026-01-26 10:59:28.585] [drdaemon] [info] Found 0 events for process: drengsrv.exe
[2026-01-26 10:59:28.587] [drdaemon] [info] Extracting error events from log: System
[2026-01-26 10:59:28.599] [drdaemon] [info] Found 0 error/warning events
[2026-01-26 10:59:28.600] [drdaemon] [info] Collected 0 event log dump files
[2026-01-26 10:59:28.600] [drdaemon] [info] Crash report created: 20260126_055928_336f6e46-0bb1-4ab2-84b3-ea541d18acf2 [WER dumps: 0, Event log dumps: 0, Total dumps: 0, Auxiliary: 22, Events: 0]
[2026-01-26 10:59:28.601] [drdaemon] [info] Crash report created: 20260126_055928_336f6e46-0bb1-4ab2-84b3-ea541d18acf2 [drengsrv.exe(17900), dumps:0, aux:22, time:1769407168]
[2026-01-26 10:59:28.601] [drdaemon] [info] Valid dumps policy: 0 dump files found - will not upload
[2026-01-26 10:59:28.602] [drdaemon] [info] Crash report created but not uploaded due to policy: Only when valid dumps generated
[2026-01-26 10:59:29.210] [drdaemon] [warning] Process recoverit.exe has exited (PID: 21412)
[2026-01-26 10:59:29.211] [drdaemon] [info] Process exit type: NORMAL
[2026-01-26 10:59:29.212] [drdaemon] [info] Follow process 'recoverit.exe' (PID: 21412) has exited, abnormal: false
[2026-01-26 10:59:29.212] [drdaemon] [info] Daemon will exit following the target process
[2026-01-26 10:59:29.761] [drdaemon] [info] Daemon service main loop ended - reason: stop requested
[2026-01-26 10:59:29.762] [drdaemon] [info] Stopping process monitor...
[2026-01-26 10:59:29.763] [drdaemon] [info] Process monitor loop ended for: drengsrv.exe
[2026-01-26 10:59:29.765] [drdaemon] [info] Process monitor stopped
[2026-01-26 10:59:29.766] [drdaemon] [info] Stopping process monitor...
[2026-01-26 10:59:29.767] [drdaemon] [info] Process monitor loop ended for: recoverit.exe
[2026-01-26 10:59:29.767] [drdaemon] [info] Process monitor stopped
[2026-01-26 10:59:29.767] [drdaemon] [info] DR Daemon stopping...
